SF:lib/utils/date_time_utils.dart
DA:1,11
DA:2,11
DA:3,11
DA:5,33
DA:8,10
DA:9,2
DA:11,10
DA:12,10
DA:14,10
DA:15,10
DA:17,2
DA:18,2
DA:20,2
DA:21,3
DA:22,1
DA:24,2
DA:25,3
DA:26,1
DA:28,3
DA:29,1
LF:20
LH:20
end_of_record
SF:lib/models/mock_models.dart
DA:8,5
DA:21,8
LF:2
LH:2
end_of_record
SF:lib/network/src/api/health_api.dart
DA:14,2
DA:21,1
DA:28,1
DA:29,1
DA:30,1
DA:34,2
DA:41,1
DA:46,1
DA:47,1
DA:48,2
DA:49,3
DA:54,0
DA:55,0
DA:56,0
DA:57,0
DA:58,0
LF:16
LH:11
end_of_record
SF:lib/network/src/model/component_response.dart
DA:15,4
DA:27,0
DA:30,0
DA:31,0
DA:32,0
DA:33,0
DA:35,0
DA:38,0
DA:40,0
DA:41,0
DA:43,0
DA:44,0
DA:45,0
DA:46,0
DA:47,0
DA:54,0
DA:55,0
DA:56,0
DA:61,0
DA:62,0
DA:63,0
DA:64,0
DA:65,0
DA:66,0
DA:69,0
DA:71,0
DA:72,0
DA:73,0
DA:74,0
DA:80,0
DA:84,0
DA:85,0
DA:86,0
DA:87,0
DA:89,0
DA:93,0
DA:96,0
DA:97,0
DA:98,0
DA:99,0
DA:100,0
DA:101,0
DA:103,0
DA:111,0
DA:115,0
DA:116,0
DA:118,0
DA:119,0
DA:120,0
DA:121,0
LF:50
LH:1
end_of_record
SF:lib/network/src/auth/http_bearer_auth.dart
DA:16,0
DA:20,0
DA:22,0
DA:23,0
DA:24,0
DA:27,0
DA:30,0
DA:35,0
DA:41,0
DA:42,0
DA:43,0
DA:44,0
DA:49,0
DA:50,0
LF:14
LH:0
end_of_record
SF:lib/network/src/model/matrix_cell_update_response.dart
DA:15,1
DA:27,1
DA:30,0
DA:31,0
DA:32,0
DA:33,0
DA:35,0
DA:38,0
DA:39,0
DA:40,0
DA:42,0
DA:44,0
DA:46,0
DA:47,0
DA:48,0
DA:49,0
DA:50,0
DA:51,0
DA:53,0
DA:61,0
DA:62,0
DA:63,0
DA:68,0
DA:69,0
DA:70,0
DA:71,0
DA:72,0
DA:73,0
DA:76,0
DA:78,0
DA:79,0
DA:80,0
DA:81,0
DA:83,0
DA:89,0
DA:93,0
DA:94,0
DA:95,0
DA:96,0
DA:98,0
DA:102,0
DA:105,0
DA:106,0
DA:107,0
DA:108,0
DA:109,0
DA:110,0
DA:112,0
DA:120,0
DA:124,0
DA:125,0
DA:127,0
DA:128,0
DA:129,0
DA:130,0
LF:55
LH:2
end_of_record
SF:lib/network/src/auth/oauth.dart
DA:14,0
DA:18,0
DA:23,0
DA:24,0
LF:4
LH:0
end_of_record
SF:lib/network/src/model/diagram_response.dart
DA:15,9
DA:36,0
DA:39,0
DA:40,0
DA:41,0
DA:42,0
DA:43,0
DA:44,0
DA:45,0
DA:47,0
DA:50,0
DA:51,0
DA:52,0
DA:53,0
DA:54,0
DA:55,0
DA:57,0
DA:59,0
DA:61,0
DA:62,0
DA:63,0
DA:64,0
DA:65,0
DA:66,0
DA:67,0
DA:68,0
DA:69,0
DA:71,0
DA:79,0
DA:80,0
DA:81,0
DA:86,0
DA:87,0
DA:88,0
DA:89,0
DA:90,0
DA:91,0
DA:94,0
DA:96,0
DA:97,0
DA:98,0
DA:99,0
DA:100,0
DA:101,0
DA:102,0
DA:108,0
DA:112,0
DA:113,0
DA:114,0
DA:115,0
DA:117,0
DA:121,0
DA:124,0
DA:125,0
DA:126,0
DA:127,0
DA:128,0
DA:129,0
DA:131,0
DA:139,0
DA:143,0
DA:144,0
DA:146,0
DA:147,0
DA:148,0
DA:149,0
LF:66
LH:1
end_of_record
SF:lib/network/src/model/diagram_status.dart
DA:15,4
DA:20,0
DA:21,0
DA:23,0
DA:38,0
DA:39,0
DA:41,0
DA:45,0
DA:46,0
DA:47,0
DA:48,0
DA:50,0
DA:54,0
DA:61,0
DA:64,4
DA:66,0
DA:76,0
DA:79,0
DA:81,0
DA:83,0
DA:85,0
DA:89,0
LF:22
LH:2
end_of_record
SF:lib/network/src/api/diagrams_api.dart
DA:14,5
DA:15,0
DA:28,1
DA:35,1
DA:36,1
DA:41,1
DA:42,1
DA:43,1
DA:47,2
DA:54,1
DA:65,1
DA:71,1
DA:75,2
DA:76,3
DA:81,0
DA:82,0
DA:83,0
DA:84,0
DA:98,0
DA:103,0
DA:108,0
DA:109,0
DA:110,0
DA:114,0
DA:121,0
DA:130,0
DA:133,0
DA:136,0
DA:137,0
DA:142,0
DA:143,0
DA:144,0
DA:145,0
DA:159,0
DA:164,0
DA:169,0
DA:170,0
DA:171,0
DA:175,0
DA:182,0
DA:191,0
DA:194,0
DA:197,0
DA:198,0
DA:203,0
DA:204,0
DA:205,0
DA:206,0
DA:216,0
DA:223,0
DA:224,0
DA:225,0
DA:229,0
DA:236,0
DA:241,0
DA:242,0
DA:243,0
DA:244,0
DA:249,0
DA:250,0
DA:251,0
DA:252,0
DA:254,0
DA:255,0
DA:267,0
DA:272,0
DA:277,0
DA:278,0
DA:279,0
DA:283,0
DA:290,0
DA:299,0
DA:303,0
DA:306,0
DA:307,0
DA:312,0
DA:313,0
DA:314,0
DA:315,0
DA:331,0
DA:337,0
DA:342,0
DA:343,0
DA:344,0
DA:348,0
DA:355,0
DA:366,0
DA:372,0
DA:376,0
DA:377,0
DA:382,0
DA:383,0
DA:384,0
DA:385,0
DA:401,0
DA:411,0
DA:412,0
DA:413,0
DA:418,0
DA:421,0
DA:422,0
DA:425,0
DA:431,0
DA:438,0
DA:449,0
DA:453,0
DA:457,0
DA:458,0
DA:463,0
DA:464,0
DA:465,0
DA:466,0
LF:112
LH:13
end_of_record
SF:lib/network/src/api_client.dart
DA:14,9
DA:28,0
DA:31,0
DA:32,0
DA:35,0
DA:37,0
DA:38,0
DA:43,2
DA:52,2
DA:54,4
DA:56,0
DA:59,2
DA:60,2
DA:61,0
DA:62,0
DA:63,6
DA:67,2
DA:69,0
DA:70,0
DA:71,0
DA:72,0
DA:73,0
DA:74,0
DA:75,0
DA:77,0
DA:80,0
DA:81,0
DA:84,2
DA:85,0
DA:86,0
DA:87,0
DA:88,0
DA:89,0
DA:90,0
DA:91,0
DA:94,2
DA:96,2
DA:97,2
DA:100,2
DA:101,0
DA:106,2
DA:107,0
DA:112,2
DA:113,0
DA:118,2
DA:119,0
DA:124,2
DA:125,0
DA:129,2
DA:130,4
DA:135,0
DA:136,0
DA:138,0
DA:142,0
DA:143,0
DA:145,0
DA:149,0
DA:150,0
DA:152,0
DA:156,0
DA:157,0
DA:159,0
DA:163,0
DA:164,0
DA:166,0
DA:172,0
DA:174,0
DA:178,0
DA:184,0
DA:186,0
DA:195,0
DA:198,0
DA:200,0
DA:204,4
DA:206,2
DA:208,0
DA:211,0
DA:218,0
DA:219,0
DA:220,0
DA:221,0
DA:222,0
DA:223,0
DA:224,0
DA:225,0
DA:228,0
DA:229,0
DA:230,0
DA:231,0
DA:232,0
DA:233,0
DA:234,0
DA:235,0
DA:236,0
DA:237,0
DA:238,0
DA:239,0
DA:240,0
DA:241,0
DA:242,0
DA:243,0
DA:244,0
DA:245,0
DA:246,0
DA:247,0
DA:248,0
DA:249,0
DA:250,0
DA:251,0
DA:252,0
DA:253,0
DA:254,0
DA:255,0
DA:256,0
DA:257,0
DA:258,0
DA:259,0
DA:260,0
DA:261,0
DA:262,0
DA:263,0
DA:264,0
DA:265,0
DA:266,0
DA:267,0
DA:268,0
DA:269,0
DA:270,0
DA:271,0
DA:272,0
DA:273,0
DA:276,0
DA:277,0
DA:279,0
DA:284,0
DA:286,0
DA:287,0
DA:289,0
DA:294,0
DA:296,0
DA:297,0
DA:298,0
DA:299,0
DA:300,0
DA:308,0
DA:309,0
DA:316,0
DA:325,0
DA:342,0
DA:344,0
DA:347,0
DA:351,0
DA:353,0
DA:356,0
DA:357,0
DA:358,0
DA:359,0
DA:361,0
DA:366,0
DA:367,0
LF:160
LH:21
end_of_record
SF:lib/network/src/api_helper.dart
DA:14,0
DA:19,0
DA:21,0
DA:25,0
DA:31,0
DA:33,0
DA:35,0
DA:36,0
DA:37,0
DA:38,0
DA:43,0
DA:47,0
DA:49,0
DA:51,0
DA:54,0
DA:61,0
DA:65,0
DA:66,0
DA:68,0
DA:69,0
DA:71,0
DA:72,0
DA:74,0
DA:75,0
DA:77,0
DA:78,0
DA:80,0
DA:85,2
DA:86,4
DA:88,0
DA:89,0
DA:91,0
DA:92,2
DA:96,0
DA:97,0
DA:98,0
DA:99,0
DA:101,0
DA:105,0
DA:106,0
DA:107,0
DA:111,0
DA:112,0
DA:115,0
DA:117,0
DA:118,0
DA:119,0
DA:121,0
DA:125,0
LF:49
LH:3
end_of_record
SF:lib/network/src/api_exception.dart
DA:14,2
DA:16,0
DA:24,2
DA:26,2
DA:29,2
DA:30,6
DA:32,0
LF:7
LH:5
end_of_record
SF:lib/network/src/model/relationship_response.dart
DA:15,0
DA:33,0
DA:36,0
DA:37,0
DA:38,0
DA:39,0
DA:40,0
DA:41,0
DA:43,0
DA:46,0
DA:47,0
DA:48,0
DA:49,0
DA:50,0
DA:52,0
DA:54,0
DA:56,0
DA:57,0
DA:58,0
DA:59,0
DA:60,0
DA:61,0
DA:62,0
DA:64,0
DA:66,0
DA:73,0
DA:74,0
DA:75,0
DA:80,0
DA:81,0
DA:82,0
DA:83,0
DA:84,0
DA:85,0
DA:88,0
DA:90,0
DA:91,0
DA:93,0
DA:95,0
DA:96,0
DA:97,0
DA:103,0
DA:107,0
DA:108,0
DA:109,0
DA:110,0
DA:112,0
DA:116,0
DA:119,0
DA:120,0
DA:121,0
DA:122,0
DA:123,0
DA:124,0
DA:126,0
DA:134,0
DA:138,0
DA:139,0
DA:141,0
DA:142,0
DA:143,0
DA:144,0
LF:62
LH:0
end_of_record
SF:lib/network/src/model/validation_error_loc_inner.dart
DA:15,0
DA:17,0
DA:19,0
DA:20,0
DA:22,0
DA:25,0
DA:26,0
DA:33,0
DA:34,0
DA:35,0
DA:40,0
DA:41,0
DA:42,0
DA:43,0
DA:44,0
DA:45,0
DA:48,0
DA:50,0
DA:55,0
DA:59,0
DA:60,0
DA:61,0
DA:62,0
DA:64,0
DA:68,0
DA:71,0
DA:72,0
DA:73,0
DA:74,0
DA:75,0
DA:76,0
DA:78,0
DA:86,0
DA:90,0
DA:91,0
DA:93,0
DA:94,0
DA:95,0
DA:96,0
LF:39
LH:0
end_of_record
SF:lib/network/src/model/nfr_score_response.dart
DA:15,3
DA:24,0
DA:27,0
DA:29,0
DA:32,0
DA:34,0
DA:35,0
DA:37,0
DA:38,0
DA:39,0
DA:40,0
DA:47,0
DA:48,0
DA:49,0
DA:54,0
DA:55,0
DA:56,0
DA:57,0
DA:58,0
DA:59,0
DA:62,0
DA:64,0
DA:65,0
DA:66,0
DA:72,0
DA:76,0
DA:77,0
DA:78,0
DA:79,0
DA:81,0
DA:85,0
DA:88,0
DA:89,0
DA:90,0
DA:91,0
DA:92,0
DA:93,0
DA:95,0
DA:103,0
DA:107,0
DA:108,0
DA:110,0
DA:111,0
DA:112,0
DA:113,0
LF:45
LH:1
end_of_record
SF:lib/network/src/model/impact_value.dart
DA:15,4
DA:20,0
DA:21,0
DA:23,0
DA:36,0
DA:37,0
DA:39,0
DA:43,0
DA:44,0
DA:45,0
DA:46,0
DA:48,0
DA:52,0
DA:59,0
DA:62,4
DA:64,0
DA:74,0
DA:77,0
DA:79,0
DA:81,0
DA:85,0
LF:21
LH:2
end_of_record
SF:lib/network/src/model/component_diff_response.dart
DA:15,2
DA:30,0
DA:33,0
DA:34,0
DA:35,0
DA:36,0
DA:37,0
DA:39,0
DA:42,0
DA:43,0
DA:44,0
DA:45,0
DA:47,0
DA:49,0
DA:51,0
DA:52,0
DA:53,0
DA:54,0
DA:55,0
DA:56,0
DA:58,0
DA:60,0
DA:61,0
DA:63,0
DA:71,0
DA:72,0
DA:73,0
DA:78,0
DA:79,0
DA:80,0
DA:81,0
DA:82,0
DA:83,0
DA:86,0
DA:88,0
DA:89,0
DA:91,0
DA:92,0
DA:93,0
DA:99,0
DA:103,0
DA:104,0
DA:105,0
DA:106,0
DA:108,0
DA:112,0
DA:115,0
DA:116,0
DA:117,0
DA:118,0
DA:119,0
DA:120,0
DA:122,0
DA:130,0
DA:134,0
DA:135,0
DA:137,0
DA:138,0
DA:139,0
DA:140,0
DA:157,4
DA:162,0
DA:163,0
DA:165,0
DA:178,0
DA:179,0
DA:181,0
DA:185,0
DA:186,0
DA:187,0
DA:188,0
DA:190,0
DA:194,0
DA:201,0
DA:204,4
DA:206,0
DA:216,0
DA:220,0
DA:222,0
DA:224,0
DA:228,0
LF:81
LH:3
end_of_record
SF:lib/network/src/api/nfr_api.dart
DA:14,7
DA:25,0
DA:34,0
DA:35,0
DA:36,0
DA:40,0
DA:47,0
DA:56,0
DA:59,0
DA:62,0
DA:63,0
DA:68,0
DA:69,0
DA:70,0
DA:71,0
DA:85,0
DA:89,0
DA:94,0
DA:95,0
DA:96,0
DA:100,0
DA:107,0
DA:116,0
DA:119,0
DA:122,0
DA:123,0
DA:128,0
DA:129,0
DA:130,0
DA:131,0
DA:132,0
DA:141,0
DA:148,0
DA:149,0
DA:150,0
DA:154,0
DA:161,0
DA:166,0
DA:167,0
DA:168,0
DA:169,0
DA:174,0
DA:175,0
DA:176,0
DA:177,0
DA:179,0
DA:180,0
LF:47
LH:1
end_of_record
SF:lib/network/src/model/nfr_response.dart
DA:15,13
DA:30,0
DA:33,0
DA:34,0
DA:35,0
DA:36,0
DA:37,0
DA:39,0
DA:42,0
DA:43,0
DA:44,0
DA:45,0
DA:47,0
DA:49,0
DA:51,0
DA:52,0
DA:53,0
DA:54,0
DA:55,0
DA:56,0
DA:58,0
DA:60,0
DA:67,0
DA:68,0
DA:69,0
DA:74,0
DA:75,0
DA:76,0
DA:77,0
DA:78,0
DA:79,0
DA:82,0
DA:84,0
DA:85,0
DA:86,0
DA:87,0
DA:88,0
DA:94,0
DA:98,0
DA:99,0
DA:100,0
DA:101,0
DA:103,0
DA:107,0
DA:110,0
DA:111,0
DA:112,0
DA:113,0
DA:114,0
DA:115,0
DA:117,0
DA:125,0
DA:129,0
DA:130,0
DA:132,0
DA:133,0
DA:134,0
DA:135,0
LF:58
LH:1
end_of_record
SF:lib/network/src/model/parse_diagram_response.dart
DA:15,5
DA:27,0
DA:30,0
DA:31,0
DA:32,0
DA:33,0
DA:35,0
DA:38,0
DA:40,0
DA:42,0
DA:44,0
DA:45,0
DA:46,0
DA:47,0
DA:48,0
DA:55,0
DA:56,0
DA:57,0
DA:62,0
DA:63,0
DA:64,0
DA:65,0
DA:66,0
DA:67,0
DA:70,0
DA:72,0
DA:73,0
DA:74,0
DA:76,0
DA:82,0
DA:86,0
DA:87,0
DA:88,0
DA:89,0
DA:91,0
DA:95,0
DA:98,0
DA:99,0
DA:100,0
DA:101,0
DA:102,0
DA:103,0
DA:105,0
DA:113,0
DA:117,0
DA:118,0
DA:120,0
DA:121,0
DA:122,0
DA:123,0
LF:50
LH:1
end_of_record
SF:lib/network/src/model/relationship_diff_response.dart
DA:15,2
DA:39,0
DA:42,0
DA:43,0
DA:44,0
DA:45,0
DA:46,0
DA:47,0
DA:48,0
DA:49,0
DA:51,0
DA:54,0
DA:55,0
DA:56,0
DA:57,0
DA:58,0
DA:59,0
DA:60,0
DA:62,0
DA:64,0
DA:66,0
DA:67,0
DA:68,0
DA:69,0
DA:70,0
DA:71,0
DA:72,0
DA:74,0
DA:76,0
DA:77,0
DA:79,0
DA:81,0
DA:82,0
DA:84,0
DA:86,0
DA:87,0
DA:89,0
DA:97,0
DA:98,0
DA:99,0
DA:104,0
DA:105,0
DA:106,0
DA:107,0
DA:108,0
DA:109,0
DA:112,0
DA:114,0
DA:115,0
DA:116,0
DA:117,0
DA:118,0
DA:119,0
DA:120,0
DA:122,0
DA:123,0
DA:129,0
DA:133,0
DA:134,0
DA:135,0
DA:136,0
DA:138,0
DA:142,0
DA:145,0
DA:146,0
DA:147,0
DA:148,0
DA:149,0
DA:150,0
DA:152,0
DA:160,0
DA:164,0
DA:165,0
DA:167,0
DA:168,0
DA:169,0
DA:170,0
DA:188,4
DA:193,0
DA:194,0
DA:196,0
DA:209,0
DA:210,0
DA:212,0
DA:216,0
DA:217,0
DA:218,0
DA:219,0
DA:221,0
DA:225,0
DA:232,0
DA:236,4
DA:238,0
DA:248,0
DA:252,0
DA:254,0
DA:256,0
DA:260,0
LF:98
LH:3
end_of_record
SF:lib/network/src/model/relationship_direction.dart
DA:15,4
DA:20,0
DA:21,0
DA:23,0
DA:34,0
DA:35,0
DA:37,0
DA:41,0
DA:42,0
DA:43,0
DA:44,0
DA:46,0
DA:50,0
DA:57,0
DA:60,4
DA:62,0
DA:72,0
DA:75,0
DA:77,0
DA:81,0
LF:20
LH:2
end_of_record
SF:lib/network/src/model/create_nfr_request.dart
DA:15,1
DA:25,1
DA:28,1
DA:29,3
DA:30,3
DA:32,0
DA:35,0
DA:37,0
DA:38,0
DA:40,0
DA:41,0
DA:42,0
DA:43,0
DA:44,0
DA:46,0
DA:54,0
DA:55,0
DA:56,0
DA:61,0
DA:62,0
DA:63,0
DA:64,0
DA:65,0
DA:66,0
DA:69,0
DA:71,0
DA:72,0
DA:73,0
DA:79,0
DA:83,0
DA:84,0
DA:85,0
DA:86,0
DA:88,0
DA:92,0
DA:95,0
DA:96,0
DA:97,0
DA:98,0
DA:99,0
DA:100,0
DA:102,0
DA:110,0
DA:114,0
DA:115,0
DA:117,0
DA:118,0
DA:119,0
DA:120,0
LF:49
LH:5
end_of_record
SF:lib/network/src/model/diagram_diff_response.dart
DA:15,3
DA:30,1
DA:33,0
DA:34,0
DA:35,0
DA:36,0
DA:37,0
DA:39,0
DA:42,0
DA:43,0
DA:44,0
DA:45,0
DA:47,0
DA:49,0
DA:51,0
DA:52,0
DA:53,0
DA:54,0
DA:55,0
DA:56,0
DA:63,0
DA:64,0
DA:65,0
DA:70,0
DA:71,0
DA:72,0
DA:73,0
DA:74,0
DA:75,0
DA:78,0
DA:80,0
DA:81,0
DA:82,0
DA:83,0
DA:85,0
DA:91,0
DA:95,0
DA:96,0
DA:97,0
DA:98,0
DA:100,0
DA:104,0
DA:107,0
DA:108,0
DA:109,0
DA:110,0
DA:111,0
DA:112,0
DA:114,0
DA:122,0
DA:126,0
DA:127,0
DA:129,0
DA:130,0
DA:131,0
DA:132,0
LF:56
LH:2
end_of_record
SF:lib/network/src/model/component_type.dart
DA:15,4
DA:20,0
DA:21,0
DA:23,0
DA:46,0
DA:47,0
DA:49,0
DA:53,0
DA:54,0
DA:55,0
DA:56,0
DA:58,0
DA:62,0
DA:69,0
DA:72,4
DA:74,0
DA:84,0
DA:87,0
DA:89,0
DA:91,0
DA:93,0
DA:95,0
DA:97,0
DA:99,0
DA:101,0
DA:105,0
LF:26
LH:2
end_of_record
SF:lib/network/src/model/http_validation_error.dart
DA:15,0
DA:21,0
DA:24,0
DA:25,0
DA:27,0
DA:30,0
DA:32,0
DA:33,0
DA:35,0
DA:36,0
DA:37,0
DA:44,0
DA:45,0
DA:46,0
DA:51,0
DA:52,0
DA:53,0
DA:54,0
DA:55,0
DA:56,0
DA:59,0
DA:61,0
DA:62,0
DA:68,0
DA:72,0
DA:73,0
DA:74,0
DA:75,0
DA:77,0
DA:81,0
DA:84,0
DA:85,0
DA:86,0
DA:87,0
DA:88,0
DA:89,0
DA:91,0
DA:99,0
DA:103,0
DA:104,0
DA:106,0
DA:107,0
DA:108,0
DA:109,0
LF:44
LH:0
end_of_record
SF:lib/network/src/model/update_matrix_cell_request.dart
DA:15,1
DA:27,1
DA:30,1
DA:31,3
DA:32,3
DA:33,3
DA:35,0
DA:38,0
DA:40,0
DA:42,0
DA:44,0
DA:45,0
DA:46,0
DA:47,0
DA:48,0
DA:55,0
DA:56,0
DA:57,0
DA:62,0
DA:63,0
DA:64,0
DA:65,0
DA:66,0
DA:67,0
DA:70,0
DA:72,0
DA:73,0
DA:74,0
DA:75,0
DA:81,0
DA:85,0
DA:86,0
DA:87,0
DA:88,0
DA:90,0
DA:94,0
DA:97,0
DA:98,0
DA:99,0
DA:100,0
DA:101,0
DA:102,0
DA:104,0
DA:112,0
DA:116,0
DA:117,0
DA:119,0
DA:120,0
DA:121,0
DA:122,0
LF:50
LH:6
end_of_record
SF:lib/network/src/model/validation_error.dart
DA:15,0
DA:27,0
DA:30,0
DA:31,0
DA:32,0
DA:33,0
DA:35,0
DA:38,0
DA:40,0
DA:41,0
DA:43,0
DA:44,0
DA:45,0
DA:46,0
DA:47,0
DA:54,0
DA:55,0
DA:56,0
DA:61,0
DA:62,0
DA:63,0
DA:64,0
DA:65,0
DA:66,0
DA:69,0
DA:71,0
DA:72,0
DA:73,0
DA:74,0
DA:80,0
DA:84,0
DA:85,0
DA:86,0
DA:87,0
DA:89,0
DA:93,0
DA:96,0
DA:97,0
DA:98,0
DA:99,0
DA:100,0
DA:101,0
DA:103,0
DA:111,0
DA:115,0
DA:116,0
DA:118,0
DA:119,0
DA:120,0
DA:121,0
LF:50
LH:0
end_of_record
SF:lib/network/src/model/matrix_cell_response.dart
DA:15,3
DA:33,0
DA:36,0
DA:37,0
DA:38,0
DA:39,0
DA:40,0
DA:41,0
DA:43,0
DA:46,0
DA:47,0
DA:48,0
DA:49,0
DA:50,0
DA:52,0
DA:54,0
DA:56,0
DA:57,0
DA:58,0
DA:59,0
DA:60,0
DA:61,0
DA:62,0
DA:69,0
DA:70,0
DA:71,0
DA:76,0
DA:77,0
DA:78,0
DA:79,0
DA:80,0
DA:81,0
DA:84,0
DA:86,0
DA:87,0
DA:88,0
DA:89,0
DA:90,0
DA:91,0
DA:97,0
DA:101,0
DA:102,0
DA:103,0
DA:104,0
DA:106,0
DA:110,0
DA:113,0
DA:114,0
DA:115,0
DA:116,0
DA:117,0
DA:118,0
DA:120,0
DA:128,0
DA:132,0
DA:133,0
DA:135,0
DA:136,0
DA:137,0
DA:138,0
LF:60
LH:1
end_of_record
SF:lib/network/src/model/diagram_matrix_response.dart
DA:15,4
DA:27,1
DA:30,0
DA:31,0
DA:32,0
DA:33,0
DA:35,0
DA:38,0
DA:39,0
DA:40,0
DA:42,0
DA:44,0
DA:46,0
DA:47,0
DA:48,0
DA:49,0
DA:50,0
DA:51,0
DA:53,0
DA:61,0
DA:62,0
DA:63,0
DA:68,0
DA:69,0
DA:70,0
DA:71,0
DA:72,0
DA:73,0
DA:76,0
DA:78,0
DA:79,0
DA:80,0
DA:81,0
DA:83,0
DA:89,0
DA:93,0
DA:94,0
DA:95,0
DA:96,0
DA:98,0
DA:102,0
DA:105,0
DA:106,0
DA:107,0
DA:108,0
DA:109,0
DA:110,0
DA:112,0
DA:120,0
DA:124,0
DA:125,0
DA:127,0
DA:128,0
DA:129,0
DA:130,0
LF:55
LH:2
end_of_record
SF:lib/network/src/auth/api_key_auth.dart
DA:14,0
DA:22,0
DA:27,0
DA:29,0
DA:30,0
DA:31,0
DA:32,0
DA:33,0
DA:34,0
DA:35,0
DA:37,0
DA:38,0
LF:12
LH:0
end_of_record
SF:lib/network/src/auth/http_basic_auth.dart
DA:14,0
DA:19,0
DA:24,0
DA:25,0
DA:26,0
DA:27,0
LF:6
LH:0
end_of_record
SF:lib/network/src/api.dart
DA:59,25
DA:64,0
DA:65,0
DA:66,0
DA:67,0
DA:69,0
DA:70,0
LF:7
LH:1
end_of_record
SF:lib/services/api_config.dart
DA:11,1
DA:13,1
DA:29,1
DA:30,1
DA:31,1
DA:35,15
DA:38,6
DA:41,21
LF:8
LH:8
end_of_record
SF:lib/services/nfr_repository.dart
DA:5,13
DA:10,1
DA:11,2
DA:13,1
DA:16,5
DA:21,1
DA:25,1
DA:30,2
DA:33,1
DA:40,1
DA:41,2
LF:11
LH:11
end_of_record
SF:lib/widgets/nfr_performance_widget.dart
DA:8,3
DA:21,3
DA:22,3
DA:28,3
DA:30,3
DA:31,12
DA:34,3
DA:36,3
DA:37,3
DA:39,3
DA:41,3
DA:42,3
DA:44,3
DA:45,3
DA:46,3
DA:48,3
DA:58,3
DA:60,3
DA:68,3
DA:70,3
DA:71,3
DA:74,3
DA:82,9
DA:83,3
DA:90,3
DA:91,12
DA:93,9
DA:94,4
DA:95,6
DA:97,3
DA:98,3
DA:101,3
DA:102,3
DA:103,3
DA:104,3
DA:105,7
DA:106,6
DA:108,4
DA:118,1
DA:119,1
DA:120,1
DA:121,1
DA:123,1
DA:124,1
DA:125,2
DA:127,1
DA:129,1
DA:130,1
DA:133,1
DA:134,1
DA:141,1
DA:142,2
DA:145,2
DA:152,1
DA:165,1
DA:166,1
DA:167,3
DA:170,1
DA:171,1
DA:172,2
DA:173,2
DA:182,2
DA:184,2
DA:185,2
DA:186,3
DA:188,2
DA:190,1
DA:191,3
DA:192,1
DA:193,1
DA:194,3
DA:198,3
DA:201,1
DA:202,3
DA:203,1
DA:204,2
DA:213,1
DA:214,1
DA:215,1
DA:216,2
DA:218,2
DA:219,1
DA:220,1
DA:221,3
DA:224,1
DA:225,3
DA:226,1
DA:236,2
DA:238,2
DA:239,1
DA:240,3
DA:241,1
DA:242,2
DA:246,3
DA:249,1
DA:250,3
DA:251,1
DA:252,2
DA:269,3
DA:277,3
DA:279,3
DA:281,3
DA:283,3
DA:284,3
DA:286,3
DA:287,3
DA:288,3
DA:289,3
DA:297,3
DA:298,6
DA:305,5
DA:307,1
DA:310,1
DA:317,3
DA:318,3
DA:319,3
DA:320,6
DA:323,6
LF:118
LH:118
end_of_record
SF:lib/theme/app_theme.dart
DA:22,1
DA:23,1
DA:25,1
DA:48,1
DA:51,1
DA:52,1
DA:90,1
DA:91,1
DA:96,1
DA:97,1
DA:105,1
DA:108,1
DA:109,1
DA:112,1
DA:113,1
DA:116,1
DA:117,1
LF:17
LH:17
end_of_record
SF:lib/widgets/sidebar.dart
DA:10,0
DA:18,0
DA:20,0
DA:23,0
DA:24,0
DA:26,0
DA:28,0
DA:29,0
DA:30,0
DA:33,0
DA:35,0
DA:54,0
DA:55,0
DA:57,0
DA:58,0
DA:60,0
DA:61,0
DA:62,0
DA:63,0
DA:64,0
DA:66,0
DA:67,0
DA:71,0
DA:73,0
DA:79,0
DA:84,0
DA:85,0
DA:114,0
DA:117,0
DA:127,0
DA:128,0
DA:130,0
DA:131,0
DA:133,0
DA:143,0
DA:148,0
DA:149,0
DA:150,0
DA:151,0
DA:152,0
DA:155,0
DA:156,0
DA:157,0
DA:159,0
DA:160,0
DA:161,0
DA:162,0
DA:168,0
DA:169,0
DA:170,0
DA:171,0
DA:180,0
DA:181,0
DA:183,0
DA:185,0
DA:187,0
DA:188,0
DA:202,0
DA:203,0
DA:205,0
DA:206,0
DA:208,0
DA:210,0
DA:220,0
DA:221,0
DA:224,0
DA:234,0
DA:235,0
DA:236,0
DA:241,0
DA:242,0
DA:243,0
DA:244,0
DA:247,0
DA:248,0
DA:249,0
DA:251,0
DA:252,0
DA:253,0
DA:256,0
DA:264,0
DA:265,0
DA:267,0
DA:282,0
DA:283,0
DA:285,0
DA:286,0
DA:298,0
DA:299,0
DA:311,0
LF:90
LH:0
end_of_record
SF:lib/models/nfr_matrix.dart
DA:4,5
DA:14,11
DA:32,1
DA:33,1
DA:34,2
DA:35,5
DA:39,10
DA:44,10
LF:8
LH:8
end_of_record
SF:lib/screens/dashboard_screen.dart
DA:14,1
DA:23,1
DA:24,1
DA:31,1
DA:33,1
DA:34,3
DA:35,3
DA:38,0
DA:39,0
DA:42,0
DA:43,0
DA:44,0
DA:48,0
DA:54,1
DA:56,1
DA:57,1
DA:58,1
DA:59,2
DA:63,0
DA:64,0
DA:67,0
DA:68,0
DA:71,0
DA:72,0
DA:74,0
DA:75,0
DA:76,0
DA:79,0
DA:81,0
DA:83,0
DA:84,0
DA:85,0
DA:86,0
DA:88,0
DA:89,0
DA:90,0
DA:91,0
DA:94,0
DA:98,0
DA:99,0
DA:101,0
DA:108,0
DA:109,0
DA:111,0
DA:118,0
DA:119,0
DA:121,0
DA:126,0
DA:134,0
DA:135,0
DA:136,0
DA:137,0
DA:142,0
DA:144,0
DA:145,0
DA:147,0
DA:148,0
DA:149,0
DA:150,0
DA:154,0
DA:156,0
DA:157,0
DA:158,0
DA:171,0
DA:172,0
DA:173,0
DA:175,0
DA:178,0
DA:180,0
DA:183,0
DA:184,0
DA:185,0
DA:189,0
DA:190,0
LF:74
LH:12
end_of_record
SF:lib/services/dashboard_service.dart
DA:13,7
DA:17,3
DA:18,3
DA:19,3
DA:25,4
DA:26,4
DA:27,4
DA:30,8
DA:32,3
DA:36,8
DA:38,3
DA:41,4
DA:48,12
DA:53,4
DA:56,12
DA:63,4
DA:71,4
DA:73,3
DA:76,4
DA:77,4
DA:79,4
DA:81,8
DA:84,4
DA:91,4
DA:96,4
DA:103,3
DA:110,4
DA:116,3
DA:120,3
DA:124,3
DA:125,5
DA:126,8
DA:127,6
DA:130,10
DA:132,12
DA:133,4
DA:134,2
DA:135,2
DA:136,1
DA:139,5
DA:140,2
DA:144,2
DA:148,4
DA:149,2
DA:150,4
DA:151,2
DA:152,2
DA:153,6
DA:154,6
DA:158,2
DA:161,2
DA:164,2
DA:166,2
DA:167,2
DA:168,2
DA:169,4
DA:172,2
DA:177,4
DA:181,4
DA:184,8
DA:185,12
DA:190,5
DA:191,2
DA:192,2
DA:193,4
DA:198,4
DA:199,8
DA:200,16
DA:201,4
DA:202,8
DA:205,4
DA:211,6
DA:212,2
DA:213,6
DA:215,2
DA:216,2
DA:217,2
DA:218,4
DA:221,4
DA:224,9
DA:226,4
DA:227,3
DA:228,3
DA:232,3
DA:237,4
DA:241,3
DA:242,4
DA:245,8
DA:246,4
DA:247,4
DA:248,2
DA:249,2
DA:251,4
DA:252,2
DA:254,2
DA:257,4
DA:258,4
DA:262,4
DA:263,4
DA:264,8
DA:265,8
DA:266,0
DA:270,4
DA:271,8
DA:272,0
DA:275,2
DA:277,2
DA:279,1
DA:280,1
DA:287,1
DA:288,2
DA:291,0
DA:294,3
DA:296,3
DA:297,4
DA:299,1
DA:301,1
DA:302,1
DA:304,1
DA:305,1
DA:312,2
DA:313,4
DA:316,4
DA:322,8
DA:323,8
DA:324,4
DA:325,4
DA:326,8
DA:328,8
DA:329,8
DA:330,0
DA:333,4
DA:334,4
DA:335,8
DA:342,4
DA:343,4
DA:346,4
DA:348,4
DA:349,4
DA:351,4
DA:353,4
DA:359,4
DA:364,4
DA:366,4
DA:368,4
DA:370,4
DA:376,4
DA:381,3
DA:382,6
DA:385,2
DA:389,0
DA:390,0
DA:391,0
DA:392,0
DA:393,0
DA:394,0
DA:401,0
DA:402,0
DA:405,4
DA:406,12
DA:414,4
DA:415,6
DA:416,2
DA:417,2
DA:418,2
DA:424,0
DA:428,0
DA:429,0
DA:432,4
DA:434,4
DA:436,4
DA:438,4
DA:440,4
DA:448,4
DA:470,5
DA:484,5
DA:489,10
DA:490,5
DA:491,5
DA:492,5
DA:493,5
DA:494,5
DA:495,5
DA:496,5
DA:497,5
DA:501,15
DA:503,5
DA:504,5
LF:188
LH:173
end_of_record
SF:lib/widgets/kpi_card.dart
DA:13,1
DA:24,1
DA:26,1
DA:27,1
DA:29,1
DA:31,1
DA:32,1
DA:34,1
DA:35,1
DA:38,1
DA:39,2
DA:40,1
DA:42,3
DA:44,1
DA:45,1
DA:48,1
DA:50,1
DA:52,1
DA:53,1
DA:64,1
DA:65,1
DA:73,1
DA:74,1
DA:82,1
DA:83,1
DA:84,1
DA:85,1
DA:86,1
DA:94,2
DA:96,1
DA:99,1
DA:100,2
DA:101,1
DA:102,1
DA:103,1
DA:105,1
DA:106,1
DA:107,1
DA:110,2
LF:39
LH:39
end_of_record
SF:lib/widgets/nfr_evaluation_matrix_widget.dart
DA:11,6
DA:27,6
DA:29,6
DA:40,6
DA:42,6
DA:43,18
DA:44,18
DA:45,6
DA:52,2
DA:54,2
DA:55,12
DA:56,0
DA:57,2
DA:61,6
DA:62,12
DA:63,18
DA:64,24
DA:66,12
DA:67,6
DA:70,6
DA:71,6
DA:72,24
DA:73,14
DA:78,6
DA:80,6
DA:81,6
DA:83,6
DA:85,6
DA:86,6
DA:88,6
DA:90,6
DA:92,6
DA:94,6
DA:95,6
DA:96,0
DA:99,0
DA:100,0
DA:101,0
DA:102,0
DA:104,0
DA:106,0
DA:107,0
DA:109,0
DA:111,0
DA:121,6
DA:122,6
DA:123,30
DA:124,6
DA:137,6
DA:138,6
DA:141,6
DA:142,6
DA:144,6
DA:145,6
DA:146,24
DA:154,6
DA:156,6
DA:163,6
DA:164,6
DA:165,6
DA:168,6
DA:172,6
DA:173,0
DA:174,0
DA:175,0
DA:176,0
DA:183,0
DA:184,0
DA:189,0
DA:192,0
DA:204,6
DA:205,6
DA:216,6
DA:217,18
DA:219,30
DA:220,5
DA:223,5
DA:225,5
DA:226,5
DA:238,6
DA:240,6
DA:241,6
DA:242,6
DA:243,18
DA:244,12
DA:245,18
DA:247,6
DA:248,6
DA:250,6
DA:251,6
DA:252,6
DA:253,6
DA:254,6
DA:255,6
DA:256,12
DA:257,6
DA:260,24
DA:266,6
DA:267,6
DA:269,6
DA:270,6
DA:271,6
DA:272,6
DA:274,6
DA:276,6
DA:281,6
DA:282,44
DA:283,2
DA:284,2
DA:285,2
DA:286,2
DA:288,10
DA:290,6
DA:292,6
DA:293,6
DA:294,6
DA:297,6
DA:298,6
DA:303,6
DA:304,6
DA:305,6
DA:314,5
DA:317,8
DA:325,6
DA:326,6
DA:327,24
DA:328,6
DA:329,6
DA:331,6
DA:334,6
DA:336,6
DA:338,6
DA:339,6
DA:343,18
DA:345,6
DA:346,6
DA:347,6
DA:350,6
DA:354,6
DA:355,6
DA:357,0
DA:359,0
DA:360,0
DA:361,0
DA:363,0
DA:364,0
DA:366,0
DA:374,6
DA:375,24
DA:376,6
DA:377,6
DA:379,10
DA:383,6
DA:385,6
DA:387,6
DA:397,6
DA:398,6
DA:400,6
DA:412,6
DA:413,6
DA:416,24
DA:417,12
DA:420,6
DA:422,6
DA:424,5
DA:432,6
DA:434,6
DA:436,5
DA:444,3
DA:445,3
DA:446,3
DA:447,3
DA:449,3
DA:450,3
DA:451,6
DA:453,3
DA:455,3
DA:456,3
DA:459,3
DA:460,3
DA:467,3
DA:468,6
DA:471,4
DA:478,3
DA:491,3
DA:492,3
DA:493,3
DA:496,3
DA:497,3
DA:498,6
DA:499,4
DA:508,4
DA:510,4
DA:511,4
DA:512,6
DA:514,0
DA:516,0
DA:517,0
DA:518,0
DA:519,0
DA:520,0
DA:524,0
DA:527,2
DA:528,6
DA:529,2
DA:530,4
DA:539,2
DA:540,2
DA:541,2
DA:542,4
DA:544,2
DA:545,2
DA:546,2
DA:547,2
DA:548,0
DA:551,2
DA:552,3
DA:553,2
DA:563,2
DA:565,2
DA:566,0
DA:567,0
DA:568,0
DA:569,0
DA:573,0
DA:576,1
DA:577,3
DA:578,1
DA:579,2
DA:588,0
DA:589,0
DA:590,0
DA:591,0
DA:596,0
DA:597,0
DA:606,0
DA:607,0
DA:611,0
DA:612,0
DA:613,0
DA:614,0
DA:615,0
DA:617,0
DA:618,0
DA:623,0
DA:625,0
DA:627,0
DA:628,0
DA:629,0
DA:630,0
DA:633,0
DA:634,0
DA:635,0
DA:636,0
DA:640,0
DA:642,0
DA:643,0
DA:644,0
DA:647,0
DA:648,0
DA:649,0
DA:657,0
DA:658,0
DA:660,0
DA:666,0
DA:667,0
DA:668,0
DA:671,0
DA:672,0
DA:673,0
DA:674,0
DA:677,6
DA:678,19
DA:683,4
DA:688,6
DA:690,6
DA:692,6
DA:693,6
DA:694,6
DA:696,6
DA:697,6
LF:281
LH:200
end_of_record
SF:lib/widgets/version_timeline_widget.dart
DA:9,4
DA:20,4
DA:22,4
DA:23,4
DA:25,4
DA:27,4
DA:28,4
DA:30,4
DA:31,4
DA:33,4
DA:43,4
DA:45,4
DA:55,8
DA:56,1
DA:64,20
DA:65,4
DA:66,4
DA:67,16
DA:69,16
DA:70,4
DA:71,4
DA:72,4
DA:73,4
DA:74,4
DA:75,4
DA:76,4
DA:79,16
DA:80,16
DA:81,4
DA:83,16
DA:84,2
DA:85,6
DA:95,1
DA:101,1
DA:103,2
DA:113,1
DA:123,1
DA:124,1
DA:130,1
DA:132,1
DA:133,4
DA:134,1
DA:141,1
DA:143,2
DA:144,3
DA:145,3
DA:147,0
DA:148,0
DA:149,0
DA:150,0
DA:154,1
DA:155,2
DA:156,2
DA:157,1
DA:163,1
DA:165,1
DA:166,1
DA:168,1
DA:170,1
DA:171,1
DA:173,1
DA:175,1
DA:184,1
DA:186,0
DA:192,1
DA:193,1
DA:195,1
DA:196,1
DA:198,1
DA:200,1
DA:207,1
DA:209,3
DA:212,1
DA:213,1
DA:221,0
DA:222,0
DA:223,0
DA:224,0
DA:225,0
DA:255,4
DA:269,4
DA:271,4
DA:273,4
DA:275,4
DA:276,4
DA:277,4
DA:280,4
DA:281,4
DA:283,4
DA:285,8
DA:297,4
DA:298,4
DA:309,4
DA:310,4
DA:311,8
DA:312,4
DA:314,4
DA:315,4
DA:316,4
DA:317,4
DA:318,4
DA:326,4
DA:327,4
DA:336,4
DA:337,4
DA:344,4
DA:345,4
DA:346,4
DA:347,4
DA:355,4
DA:356,8
DA:363,8
DA:365,2
DA:366,2
DA:369,2
LF:115
LH:105
end_of_record
SF:lib/services/diagram_repository.dart
DA:10,10
DA:14,1
DA:15,2
DA:17,1
DA:19,5
DA:23,1
DA:28,1
DA:32,1
DA:35,2
DA:41,1
DA:47,1
DA:48,2
DA:51,1
DA:52,2
DA:55,2
DA:59,4
LF:16
LH:16
end_of_record
SF:lib/services/matrix_repository.dart
DA:6,7
DA:10,1
DA:11,2
DA:14,1
DA:21,1
DA:28,2
DA:34,1
DA:40,2
LF:8
LH:8
end_of_record
SF:lib/widgets/diagram_diff_widget.dart
DA:6,2
DA:17,2
DA:19,6
DA:20,6
DA:32,2
DA:33,2
DA:35,2
DA:37,2
DA:38,2
DA:40,2
DA:41,8
DA:43,4
DA:44,6
DA:45,2
DA:47,2
DA:48,8
DA:50,10
DA:58,2
DA:59,2
DA:60,2
DA:61,2
DA:62,4
DA:68,2
DA:70,4
DA:76,2
DA:77,2
DA:79,2
DA:80,2
DA:81,2
DA:82,4
DA:84,2
DA:86,2
DA:87,2
DA:89,2
DA:96,2
DA:111,2
DA:112,2
DA:113,2
DA:114,2
DA:123,2
DA:125,2
DA:126,2
DA:127,2
DA:129,2
DA:130,2
DA:142,2
DA:143,2
DA:148,2
DA:149,2
DA:150,2
DA:154,2
DA:155,2
DA:159,1
DA:160,1
DA:170,2
DA:173,2
DA:175,2
DA:176,4
DA:178,2
DA:179,2
DA:180,4
DA:182,2
DA:183,2
DA:185,2
DA:186,2
DA:187,2
DA:188,2
DA:189,2
DA:197,2
DA:200,2
DA:201,4
DA:202,2
DA:204,2
DA:206,2
DA:209,2
DA:215,2
DA:216,3
DA:218,1
DA:219,1
DA:220,2
DA:235,2
DA:236,2
DA:241,2
DA:242,2
DA:243,2
DA:247,2
DA:248,1
DA:252,2
DA:253,2
DA:263,2
DA:266,2
DA:268,2
DA:269,4
DA:271,2
DA:272,2
DA:273,4
DA:275,2
DA:276,2
DA:278,2
DA:279,2
DA:280,2
DA:281,2
DA:282,6
DA:290,2
DA:293,2
DA:294,4
DA:295,2
DA:297,2
DA:299,2
DA:302,2
DA:308,2
DA:309,2
DA:310,2
DA:311,3
DA:313,1
DA:314,1
DA:329,2
DA:330,2
DA:331,2
DA:333,2
DA:335,2
DA:342,1
DA:344,3
DA:346,2
DA:348,2
DA:353,1
DA:354,1
DA:355,2
DA:356,2
DA:357,4
DA:358,1
DA:359,3
DA:360,1
DA:361,3
DA:364,2
DA:365,0
DA:366,0
DA:367,0
DA:368,0
DA:369,0
DA:370,0
DA:371,0
DA:374,1
LF:143
LH:136
end_of_record
SF:lib/network/src/auth/authentication.dart
LF:0
LH:0
end_of_record
SF:lib/services/health_service.dart
DA:5,3
DA:10,2
DA:12,4
DA:13,1
DA:15,1
DA:16,1
DA:19,2
DA:21,2
DA:22,2
DA:29,2
LF:10
LH:10
end_of_record
SF:lib/widgets/dashboard_header.dart
DA:11,1
DA:16,1
DA:17,1
DA:25,1
DA:27,1
DA:28,1
DA:30,2
DA:32,0
DA:36,1
DA:38,2
DA:39,1
DA:42,1
DA:43,2
DA:44,1
DA:45,2
DA:46,1
DA:51,1
DA:53,1
DA:59,1
DA:60,1
DA:62,1
DA:63,1
DA:64,1
DA:67,1
DA:69,1
DA:88,1
DA:89,1
DA:91,1
DA:105,1
DA:106,1
DA:108,1
DA:109,3
DA:112,1
DA:115,1
DA:116,2
DA:117,0
DA:118,1
DA:119,1
DA:120,1
DA:121,2
DA:127,1
DA:129,1
DA:130,1
DA:133,1
DA:134,2
DA:141,1
DA:142,3
DA:143,1
DA:146,2
DA:158,1
DA:159,4
DA:162,1
LF:52
LH:50
end_of_record
